<?xml version="1.0" encoding="UTF-8"?>
<testng-results ignored="0" total="1" passed="1" failed="0" skipped="0">
  <reporter-output>
  </reporter-output>
  <suite started-at="2023-02-12T12:51:24 IST" name="Default suite" finished-at="2023-02-12T12:53:47 IST" duration-ms="142413">
    <groups>
    </groups>
    <test started-at="2023-02-12T12:51:24 IST" name="Default test" finished-at="2023-02-12T12:53:47 IST" duration-ms="142413">
      <class name="tests.AddProductToCart">
        <test-method is-config="true" signature="Driver()[pri:0, instance:tests.AddProductToCart@66f57048]" started-at="2023-02-12T12:51:24 IST" name="Driver" finished-at="2023-02-12T12:51:55 IST" duration-ms="30633" status="PASS">
          <reporter-output>
          </reporter-output>
        </test-method> <!-- Driver -->
        <test-method signature="AFlipkarttest()[pri:0, instance:tests.AddProductToCart@66f57048]" started-at="2023-02-12T12:51:55 IST" name="AFlipkarttest" finished-at="2023-02-12T12:53:47 IST" duration-ms="111663" status="PASS">
          <reporter-output>
          </reporter-output>
        </test-method> <!-- AFlipkarttest -->
        <test-method is-config="true" signature="TearDown()[pri:0, instance:tests.AddProductToCart@66f57048]" started-at="2023-02-12T12:53:47 IST" name="TearDown" finished-at="2023-02-12T12:53:47 IST" duration-ms="5" status="PASS">
          <reporter-output>
          </reporter-output>
        </test-method> <!-- TearDown -->
      </class> <!-- tests.AddProductToCart -->
    </test> <!-- Default test -->
  </suite> <!-- Default suite -->
</testng-results>
